<?xml version="1.0" encoding="UTF-8"?>
<coverage generated="1677096084465" clover="3.2.0">
  <project timestamp="1677096084465" name="All files">
    <metrics statements="33" coveredstatements="23" conditionals="8" coveredconditionals="6" methods="17" coveredmethods="8" elements="58" coveredelements="37" complexity="0" loc="33" ncloc="33" packages="6" files="10" classes="10"/>
    <package name="src">
      <metrics statements="1" coveredstatements="0" conditionals="0" coveredconditionals="0" methods="1" coveredmethods="0"/>
      <file name="App.js" path="/Users/samim_hossain_mondal/Documents/BE-inegration-with-FE/blog-fe/src/App.js">
        <metrics statements="1" coveredstatements="0" conditionals="0" coveredconditionals="0" methods="1" coveredmethods="0"/>
        <line num="12" count="0" type="stmt"/>
      </file>
    </package>
    <package name="src.components.card">
      <metrics statements="12" coveredstatements="7" conditionals="4" coveredconditionals="2" methods="6" coveredmethods="2"/>
      <file name="Card.js" path="/Users/samim_hossain_mondal/Documents/BE-inegration-with-FE/blog-fe/src/components/card/Card.js">
        <metrics statements="12" coveredstatements="7" conditionals="4" coveredconditionals="2" methods="6" coveredmethods="2"/>
        <line num="11" count="1" type="stmt"/>
        <line num="12" count="1" type="stmt"/>
        <line num="14" count="1" type="stmt"/>
        <line num="15" count="1" type="stmt"/>
        <line num="17" count="0" type="stmt"/>
        <line num="20" count="0" type="stmt"/>
        <line num="24" count="1" type="cond" truecount="1" falsecount="1"/>
        <line num="25" count="0" type="stmt"/>
        <line num="33" count="0" type="stmt"/>
        <line num="36" count="1" type="stmt"/>
        <line num="37" count="0" type="stmt"/>
        <line num="62" count="1" type="cond" truecount="1" falsecount="1"/>
      </file>
    </package>
    <package name="src.components.clap">
      <metrics statements="8" coveredstatements="8" conditionals="2" coveredconditionals="2" methods="2" coveredmethods="2"/>
      <file name="Clap.js" path="/Users/samim_hossain_mondal/Documents/BE-inegration-with-FE/blog-fe/src/components/clap/Clap.js">
        <metrics statements="8" coveredstatements="8" conditionals="2" coveredconditionals="2" methods="2" coveredmethods="2"/>
        <line num="8" count="7" type="stmt"/>
        <line num="9" count="6" type="stmt"/>
        <line num="10" count="3" type="cond" truecount="2" falsecount="0"/>
        <line num="11" count="2" type="stmt"/>
        <line num="14" count="2" type="stmt"/>
        <line num="16" count="1" type="stmt"/>
        <line num="19" count="1" type="stmt"/>
        <line num="22" count="6" type="stmt"/>
      </file>
    </package>
    <package name="src.components.elements">
      <metrics statements="3" coveredstatements="3" conditionals="0" coveredconditionals="0" methods="2" coveredmethods="2"/>
      <file name="Footer.js" path="/Users/samim_hossain_mondal/Documents/BE-inegration-with-FE/blog-fe/src/components/elements/Footer.js">
        <metrics statements="1" coveredstatements="1" conditionals="0" coveredconditionals="0" methods="1" coveredmethods="1"/>
        <line num="5" count="1" type="stmt"/>
      </file>
      <file name="Navbar.js" path="/Users/samim_hossain_mondal/Documents/BE-inegration-with-FE/blog-fe/src/components/elements/Navbar.js">
        <metrics statements="2" coveredstatements="2" conditionals="0" coveredconditionals="0" methods="1" coveredmethods="1"/>
        <line num="6" count="1" type="stmt"/>
        <line num="9" count="3" type="stmt"/>
      </file>
    </package>
    <package name="src.components.like">
      <metrics statements="5" coveredstatements="5" conditionals="2" coveredconditionals="2" methods="2" coveredmethods="2"/>
      <file name="Like.js" path="/Users/samim_hossain_mondal/Documents/BE-inegration-with-FE/blog-fe/src/components/like/Like.js">
        <metrics statements="5" coveredstatements="5" conditionals="2" coveredconditionals="2" methods="2" coveredmethods="2"/>
        <line num="8" count="6" type="stmt"/>
        <line num="9" count="6" type="stmt"/>
        <line num="10" count="3" type="stmt"/>
        <line num="13" count="3" type="stmt"/>
        <line num="16" count="6" type="stmt"/>
      </file>
    </package>
    <package name="src.routes">
      <metrics statements="4" coveredstatements="0" conditionals="0" coveredconditionals="0" methods="4" coveredmethods="0"/>
      <file name="About.js" path="/Users/samim_hossain_mondal/Documents/BE-inegration-with-FE/blog-fe/src/routes/About.js">
        <metrics statements="1" coveredstatements="0" conditionals="0" coveredconditionals="0" methods="1" coveredmethods="0"/>
        <line num="4" count="0" type="stmt"/>
      </file>
      <file name="Blog.js" path="/Users/samim_hossain_mondal/Documents/BE-inegration-with-FE/blog-fe/src/routes/Blog.js">
        <metrics statements="1" coveredstatements="0" conditionals="0" coveredconditionals="0" methods="1" coveredmethods="0"/>
        <line num="5" count="0" type="stmt"/>
      </file>
      <file name="Contact.js" path="/Users/samim_hossain_mondal/Documents/BE-inegration-with-FE/blog-fe/src/routes/Contact.js">
        <metrics statements="1" coveredstatements="0" conditionals="0" coveredconditionals="0" methods="1" coveredmethods="0"/>
        <line num="4" count="0" type="stmt"/>
      </file>
      <file name="PageNotFoundError.js" path="/Users/samim_hossain_mondal/Documents/BE-inegration-with-FE/blog-fe/src/routes/PageNotFoundError.js">
        <metrics statements="1" coveredstatements="0" conditionals="0" coveredconditionals="0" methods="1" coveredmethods="0"/>
        <line num="4" count="0" type="stmt"/>
      </file>
    </package>
  </project>
</coverage>
