<?xml version="1.0" ?>
<!DOCTYPE coverage SYSTEM "http://cobertura.sourceforge.net/xml/coverage-04.dtd">
<coverage lines-valid="16" lines-covered="13" line-rate="0.8125" branches-valid="8" branches-covered="6" branch-rate="0.75" timestamp="1676890656288" complexity="0" version="0.1">
  <sources>
    <source>/Users/samim_hossain_mondal/Documents/my-blog-site</source>
  </sources>
  <packages>
    <package name="src" line-rate="0" branch-rate="1">
      <classes>
        <class name="App.js" filename="src/App.js" line-rate="0" branch-rate="1">
          <methods>
            <method name="App" hits="0" signature="()V">
              <lines>
                <line number="7" hits="0"/>
              </lines>
            </method>
          </methods>
          <lines>
            <line number="8" hits="0" branch="false"/>
          </lines>
        </class>
      </classes>
    </package>
    <package name="src.components.card" line-rate="1" branch-rate="1">
      <classes>
        <class name="Card.js" filename="src/components/card/Card.js" line-rate="1" branch-rate="1">
          <methods>
            <method name="Card" hits="2" signature="()V">
              <lines>
                <line number="8" hits="2"/>
              </lines>
            </method>
            <method name="(anonymous_1)" hits="12" signature="()V">
              <lines>
                <line number="9" hits="12"/>
              </lines>
            </method>
          </methods>
          <lines>
            <line number="9" hits="2" branch="false"/>
            <line number="10" hits="12" branch="false"/>
            <line number="33" hits="2" branch="false"/>
          </lines>
        </class>
      </classes>
    </package>
    <package name="src.components.clap" line-rate="0.8332999999999999" branch-rate="0.75">
      <classes>
        <class name="Clap.js" filename="src/components/clap/Clap.js" line-rate="0.8332999999999999" branch-rate="0.75">
          <methods>
            <method name="Clap" hits="12" signature="()V">
              <lines>
                <line number="5" hits="12"/>
              </lines>
            </method>
            <method name="(anonymous_1)" hits="2" signature="()V">
              <lines>
                <line number="7" hits="2"/>
              </lines>
            </method>
          </methods>
          <lines>
            <line number="6" hits="12" branch="false"/>
            <line number="7" hits="11" branch="false"/>
            <line number="8" hits="2" branch="true" condition-coverage="50% (1/2)"/>
            <line number="9" hits="2" branch="false"/>
            <line number="11" hits="0" branch="false"/>
            <line number="14" hits="11" branch="false"/>
          </lines>
        </class>
      </classes>
    </package>
    <package name="src.components.like" line-rate="0.8332999999999999" branch-rate="0.75">
      <classes>
        <class name="Like.js" filename="src/components/like/Like.js" line-rate="0.8332999999999999" branch-rate="0.75">
          <methods>
            <method name="Like" hits="9" signature="()V">
              <lines>
                <line number="5" hits="9"/>
              </lines>
            </method>
            <method name="(anonymous_1)" hits="1" signature="()V">
              <lines>
                <line number="7" hits="1"/>
              </lines>
            </method>
          </methods>
          <lines>
            <line number="6" hits="9" branch="false"/>
            <line number="7" hits="9" branch="false"/>
            <line number="8" hits="1" branch="true" condition-coverage="50% (1/2)"/>
            <line number="9" hits="1" branch="false"/>
            <line number="11" hits="0" branch="false"/>
            <line number="14" hits="9" branch="false"/>
          </lines>
        </class>
      </classes>
    </package>
  </packages>
</coverage>
