{"/Users/samim_hossain_mondal/Documents/my-blog-site/src/App.js": {"path":"/Users/samim_hossain_mondal/Documents/my-blog-site/src/App.js","statementMap":{"0":{"start":{"line":8,"column":2},"end":{"line":14,"column":4}}},"fnMap":{"0":{"name":"App","decl":{"start":{"line":7,"column":9},"end":{"line":7,"column":12}},"loc":{"start":{"line":7,"column":15},"end":{"line":15,"column":1}},"line":7}},"branchMap":{},"s":{"0":0},"f":{"0":0},"b":{}}
,"/Users/samim_hossain_mondal/Documents/my-blog-site/src/components/card/Card.js": {"path":"/Users/samim_hossain_mondal/Documents/my-blog-site/src/components/card/Card.js","statementMap":{"0":{"start":{"line":9,"column":15},"end":{"line":32,"column":4}},"1":{"start":{"line":10,"column":4},"end":{"line":31,"column":12}},"2":{"start":{"line":33,"column":2},"end":{"line":37,"column":4}}},"fnMap":{"0":{"name":"Card","decl":{"start":{"line":8,"column":24},"end":{"line":8,"column":28}},"loc":{"start":{"line":8,"column":31},"end":{"line":38,"column":1}},"line":8},"1":{"name":"(anonymous_1)","decl":{"start":{"line":9,"column":28},"end":{"line":9,"column":29}},"loc":{"start":{"line":9,"column":45},"end":{"line":32,"column":3}},"line":9}},"branchMap":{},"s":{"0":2,"1":12,"2":2},"f":{"0":2,"1":12},"b":{},"_coverageSchema":"1a1c01bbd47fc00a2c39e90264f33305004495a9","hash":"656f695c3174e3c9bb7368c6862e8a2f95ff3b27"}
,"/Users/samim_hossain_mondal/Documents/my-blog-site/src/components/clap/Clap.js": {"path":"/Users/samim_hossain_mondal/Documents/my-blog-site/src/components/clap/Clap.js","statementMap":{"0":{"start":{"line":6,"column":26},"end":{"line":6,"column":37}},"1":{"start":{"line":7,"column":22},"end":{"line":13,"column":3}},"2":{"start":{"line":8,"column":4},"end":{"line":12,"column":5}},"3":{"start":{"line":9,"column":6},"end":{"line":9,"column":24}},"4":{"start":{"line":11,"column":6},"end":{"line":11,"column":24}},"5":{"start":{"line":14,"column":2},"end":{"line":20,"column":4}}},"fnMap":{"0":{"name":"Clap","decl":{"start":{"line":5,"column":24},"end":{"line":5,"column":28}},"loc":{"start":{"line":5,"column":36},"end":{"line":21,"column":1}},"line":5},"1":{"name":"(anonymous_1)","decl":{"start":{"line":7,"column":22},"end":{"line":7,"column":23}},"loc":{"start":{"line":7,"column":28},"end":{"line":13,"column":3}},"line":7}},"branchMap":{"0":{"loc":{"start":{"line":8,"column":4},"end":{"line":12,"column":5}},"type":"if","locations":[{"start":{"line":8,"column":4},"end":{"line":12,"column":5}},{"start":{"line":10,"column":11},"end":{"line":12,"column":5}}],"line":8},"1":{"loc":{"start":{"line":17,"column":21},"end":{"line":17,"column":52}},"type":"binary-expr","locations":[{"start":{"line":17,"column":21},"end":{"line":17,"column":31}},{"start":{"line":17,"column":35},"end":{"line":17,"column":52}}],"line":17}},"s":{"0":12,"1":11,"2":2,"3":2,"4":0,"5":11},"f":{"0":12,"1":2},"b":{"0":[2,0],"1":[11,9]},"_coverageSchema":"1a1c01bbd47fc00a2c39e90264f33305004495a9","hash":"c0df768fee471a6634b48ceb3b9291bd2b7ce583"}
,"/Users/samim_hossain_mondal/Documents/my-blog-site/src/components/like/Like.js": {"path":"/Users/samim_hossain_mondal/Documents/my-blog-site/src/components/like/Like.js","statementMap":{"0":{"start":{"line":6,"column":26},"end":{"line":6,"column":37}},"1":{"start":{"line":7,"column":22},"end":{"line":13,"column":3}},"2":{"start":{"line":8,"column":4},"end":{"line":12,"column":5}},"3":{"start":{"line":9,"column":6},"end":{"line":9,"column":24}},"4":{"start":{"line":11,"column":6},"end":{"line":11,"column":24}},"5":{"start":{"line":14,"column":2},"end":{"line":18,"column":4}}},"fnMap":{"0":{"name":"Like","decl":{"start":{"line":5,"column":24},"end":{"line":5,"column":28}},"loc":{"start":{"line":5,"column":31},"end":{"line":19,"column":1}},"line":5},"1":{"name":"(anonymous_1)","decl":{"start":{"line":7,"column":22},"end":{"line":7,"column":23}},"loc":{"start":{"line":7,"column":28},"end":{"line":13,"column":3}},"line":7}},"branchMap":{"0":{"loc":{"start":{"line":8,"column":4},"end":{"line":12,"column":5}},"type":"if","locations":[{"start":{"line":8,"column":4},"end":{"line":12,"column":5}},{"start":{"line":10,"column":11},"end":{"line":12,"column":5}}],"line":8},"1":{"loc":{"start":{"line":16,"column":79},"end":{"line":16,"column":107}},"type":"cond-expr","locations":[{"start":{"line":16,"column":86},"end":{"line":16,"column":94}},{"start":{"line":16,"column":97},"end":{"line":16,"column":107}}],"line":16}},"s":{"0":9,"1":9,"2":1,"3":1,"4":0,"5":9},"f":{"0":9,"1":1},"b":{"0":[1,0],"1":[1,8]},"_coverageSchema":"1a1c01bbd47fc00a2c39e90264f33305004495a9","hash":"d134039b9af293c3bbc7fd83d4ea02ef195bfe05"}
}
