{"/Users/samim_hossain_mondal/Documents/BE-inegration-with-FE/blog-fe/src/App.js": {"path":"/Users/samim_hossain_mondal/Documents/BE-inegration-with-FE/blog-fe/src/App.js","statementMap":{"0":{"start":{"line":12,"column":2},"end":{"line":25,"column":4}}},"fnMap":{"0":{"name":"App","decl":{"start":{"line":11,"column":9},"end":{"line":11,"column":12}},"loc":{"start":{"line":11,"column":15},"end":{"line":26,"column":1}},"line":11}},"branchMap":{},"s":{"0":0},"f":{"0":0},"b":{}}
,"/Users/samim_hossain_mondal/Documents/BE-inegration-with-FE/blog-fe/src/components/card/Card.js": {"path":"/Users/samim_hossain_mondal/Documents/BE-inegration-with-FE/blog-fe/src/components/card/Card.js","statementMap":{"0":{"start":{"line":11,"column":34},"end":{"line":11,"column":46}},"1":{"start":{"line":12,"column":28},"end":{"line":12,"column":38}},"2":{"start":{"line":14,"column":2},"end":{"line":22,"column":9}},"3":{"start":{"line":15,"column":4},"end":{"line":21,"column":9}},"4":{"start":{"line":17,"column":8},"end":{"line":17,"column":30}},"5":{"start":{"line":20,"column":8},"end":{"line":20,"column":30}},"6":{"start":{"line":24,"column":2},"end":{"line":30,"column":3}},"7":{"start":{"line":25,"column":4},"end":{"line":29,"column":6}},"8":{"start":{"line":33,"column":4},"end":{"line":33,"column":50}},"9":{"start":{"line":36,"column":15},"end":{"line":60,"column":4}},"10":{"start":{"line":37,"column":4},"end":{"line":59,"column":14}},"11":{"start":{"line":62,"column":2},"end":{"line":70,"column":4}}},"fnMap":{"0":{"name":"Card","decl":{"start":{"line":9,"column":24},"end":{"line":9,"column":28}},"loc":{"start":{"line":9,"column":31},"end":{"line":71,"column":1}},"line":9},"1":{"name":"(anonymous_1)","decl":{"start":{"line":14,"column":12},"end":{"line":14,"column":13}},"loc":{"start":{"line":14,"column":18},"end":{"line":22,"column":3}},"line":14},"2":{"name":"(anonymous_2)","decl":{"start":{"line":16,"column":12},"end":{"line":16,"column":13}},"loc":{"start":{"line":16,"column":21},"end":{"line":18,"column":7}},"line":16},"3":{"name":"(anonymous_3)","decl":{"start":{"line":19,"column":13},"end":{"line":19,"column":14}},"loc":{"start":{"line":19,"column":22},"end":{"line":21,"column":7}},"line":19},"4":{"name":"truncate","decl":{"start":{"line":32,"column":11},"end":{"line":32,"column":19}},"loc":{"start":{"line":32,"column":25},"end":{"line":34,"column":3}},"line":32},"5":{"name":"(anonymous_5)","decl":{"start":{"line":36,"column":28},"end":{"line":36,"column":29}},"loc":{"start":{"line":36,"column":45},"end":{"line":60,"column":3}},"line":36}},"branchMap":{"0":{"loc":{"start":{"line":24,"column":2},"end":{"line":30,"column":3}},"type":"if","locations":[{"start":{"line":24,"column":2},"end":{"line":30,"column":3}},{"start":{},"end":{}}],"line":24},"1":{"loc":{"start":{"line":62,"column":9},"end":{"line":70,"column":3}},"type":"cond-expr","locations":[{"start":{"line":63,"column":4},"end":{"line":65,"column":10}},{"start":{"line":67,"column":4},"end":{"line":69,"column":10}}],"line":62}},"s":{"0":1,"1":1,"2":1,"3":1,"4":0,"5":0,"6":1,"7":0,"8":0,"9":1,"10":0,"11":1},"f":{"0":1,"1":1,"2":0,"3":0,"4":0,"5":0},"b":{"0":[0,1],"1":[0,1]},"_coverageSchema":"1a1c01bbd47fc00a2c39e90264f33305004495a9","hash":"efa813564eb8970bdb6a62b0b04e12d1085f7cd8"}
,"/Users/samim_hossain_mondal/Documents/BE-inegration-with-FE/blog-fe/src/components/clap/Clap.js": {"path":"/Users/samim_hossain_mondal/Documents/BE-inegration-with-FE/blog-fe/src/components/clap/Clap.js","statementMap":{"0":{"start":{"line":8,"column":26},"end":{"line":8,"column":47}},"1":{"start":{"line":9,"column":22},"end":{"line":21,"column":3}},"2":{"start":{"line":10,"column":4},"end":{"line":20,"column":5}},"3":{"start":{"line":11,"column":6},"end":{"line":13,"column":9}},"4":{"start":{"line":14,"column":6},"end":{"line":14,"column":24}},"5":{"start":{"line":16,"column":6},"end":{"line":18,"column":9}},"6":{"start":{"line":19,"column":6},"end":{"line":19,"column":24}},"7":{"start":{"line":22,"column":2},"end":{"line":27,"column":4}}},"fnMap":{"0":{"name":"Clap","decl":{"start":{"line":7,"column":24},"end":{"line":7,"column":28}},"loc":{"start":{"line":7,"column":36},"end":{"line":28,"column":1}},"line":7},"1":{"name":"(anonymous_1)","decl":{"start":{"line":9,"column":22},"end":{"line":9,"column":23}},"loc":{"start":{"line":9,"column":28},"end":{"line":21,"column":3}},"line":9}},"branchMap":{"0":{"loc":{"start":{"line":10,"column":4},"end":{"line":20,"column":5}},"type":"if","locations":[{"start":{"line":10,"column":4},"end":{"line":20,"column":5}},{"start":{"line":15,"column":11},"end":{"line":20,"column":5}}],"line":10}},"s":{"0":7,"1":6,"2":3,"3":2,"4":2,"5":1,"6":1,"7":6},"f":{"0":7,"1":3},"b":{"0":[2,1]},"_coverageSchema":"1a1c01bbd47fc00a2c39e90264f33305004495a9","hash":"2f3999babc2d3664765f874aad692f6596fa0c68"}
,"/Users/samim_hossain_mondal/Documents/BE-inegration-with-FE/blog-fe/src/components/elements/Footer.js": {"path":"/Users/samim_hossain_mondal/Documents/BE-inegration-with-FE/blog-fe/src/components/elements/Footer.js","statementMap":{"0":{"start":{"line":5,"column":2},"end":{"line":9,"column":4}}},"fnMap":{"0":{"name":"Footer","decl":{"start":{"line":4,"column":24},"end":{"line":4,"column":30}},"loc":{"start":{"line":4,"column":33},"end":{"line":10,"column":1}},"line":4}},"branchMap":{},"s":{"0":1},"f":{"0":1},"b":{},"_coverageSchema":"1a1c01bbd47fc00a2c39e90264f33305004495a9","hash":"ed4c67bc614e9d54ef26d92cf3278c7e0031490f"}
,"/Users/samim_hossain_mondal/Documents/BE-inegration-with-FE/blog-fe/src/components/elements/Navbar.js": {"path":"/Users/samim_hossain_mondal/Documents/BE-inegration-with-FE/blog-fe/src/components/elements/Navbar.js","statementMap":{"0":{"start":{"line":6,"column":14},"end":{"line":6,"column":41}},"1":{"start":{"line":9,"column":2},"end":{"line":35,"column":4}}},"fnMap":{"0":{"name":"Navbar","decl":{"start":{"line":8,"column":24},"end":{"line":8,"column":30}},"loc":{"start":{"line":8,"column":33},"end":{"line":36,"column":1}},"line":8}},"branchMap":{},"s":{"0":1,"1":3},"f":{"0":3},"b":{},"_coverageSchema":"1a1c01bbd47fc00a2c39e90264f33305004495a9","hash":"54e7dd94eebd72b917f6a949933c25af23e48286"}
,"/Users/samim_hossain_mondal/Documents/BE-inegration-with-FE/blog-fe/src/components/like/Like.js": {"path":"/Users/samim_hossain_mondal/Documents/BE-inegration-with-FE/blog-fe/src/components/like/Like.js","statementMap":{"0":{"start":{"line":8,"column":26},"end":{"line":8,"column":47}},"1":{"start":{"line":9,"column":22},"end":{"line":14,"column":3}},"2":{"start":{"line":10,"column":4},"end":{"line":12,"column":7}},"3":{"start":{"line":13,"column":4},"end":{"line":13,"column":19}},"4":{"start":{"line":16,"column":2},"end":{"line":23,"column":4}}},"fnMap":{"0":{"name":"Like","decl":{"start":{"line":7,"column":24},"end":{"line":7,"column":28}},"loc":{"start":{"line":7,"column":36},"end":{"line":24,"column":1}},"line":7},"1":{"name":"(anonymous_1)","decl":{"start":{"line":9,"column":22},"end":{"line":9,"column":23}},"loc":{"start":{"line":9,"column":28},"end":{"line":14,"column":3}},"line":9}},"branchMap":{"0":{"loc":{"start":{"line":20,"column":13},"end":{"line":20,"column":41}},"type":"cond-expr","locations":[{"start":{"line":20,"column":20},"end":{"line":20,"column":28}},{"start":{"line":20,"column":31},"end":{"line":20,"column":41}}],"line":20}},"s":{"0":6,"1":6,"2":3,"3":3,"4":6},"f":{"0":6,"1":3},"b":{"0":[2,4]},"_coverageSchema":"1a1c01bbd47fc00a2c39e90264f33305004495a9","hash":"51f0c539012bcccbe4fc85ed125f1ee5f7656650"}
,"/Users/samim_hossain_mondal/Documents/BE-inegration-with-FE/blog-fe/src/routes/About.js": {"path":"/Users/samim_hossain_mondal/Documents/BE-inegration-with-FE/blog-fe/src/routes/About.js","statementMap":{"0":{"start":{"line":4,"column":2},"end":{"line":8,"column":4}}},"fnMap":{"0":{"name":"About","decl":{"start":{"line":3,"column":24},"end":{"line":3,"column":29}},"loc":{"start":{"line":3,"column":32},"end":{"line":9,"column":1}},"line":3}},"branchMap":{},"s":{"0":0},"f":{"0":0},"b":{}}
,"/Users/samim_hossain_mondal/Documents/BE-inegration-with-FE/blog-fe/src/routes/Blog.js": {"path":"/Users/samim_hossain_mondal/Documents/BE-inegration-with-FE/blog-fe/src/routes/Blog.js","statementMap":{"0":{"start":{"line":5,"column":2},"end":{"line":9,"column":4}}},"fnMap":{"0":{"name":"Blog","decl":{"start":{"line":4,"column":24},"end":{"line":4,"column":28}},"loc":{"start":{"line":4,"column":31},"end":{"line":10,"column":1}},"line":4}},"branchMap":{},"s":{"0":0},"f":{"0":0},"b":{}}
,"/Users/samim_hossain_mondal/Documents/BE-inegration-with-FE/blog-fe/src/routes/Contact.js": {"path":"/Users/samim_hossain_mondal/Documents/BE-inegration-with-FE/blog-fe/src/routes/Contact.js","statementMap":{"0":{"start":{"line":4,"column":2},"end":{"line":8,"column":4}}},"fnMap":{"0":{"name":"Contact","decl":{"start":{"line":3,"column":24},"end":{"line":3,"column":31}},"loc":{"start":{"line":3,"column":34},"end":{"line":9,"column":1}},"line":3}},"branchMap":{},"s":{"0":0},"f":{"0":0},"b":{}}
,"/Users/samim_hossain_mondal/Documents/BE-inegration-with-FE/blog-fe/src/routes/PageNotFoundError.js": {"path":"/Users/samim_hossain_mondal/Documents/BE-inegration-with-FE/blog-fe/src/routes/PageNotFoundError.js","statementMap":{"0":{"start":{"line":4,"column":2},"end":{"line":8,"column":4}}},"fnMap":{"0":{"name":"Error","decl":{"start":{"line":3,"column":24},"end":{"line":3,"column":29}},"loc":{"start":{"line":3,"column":32},"end":{"line":9,"column":1}},"line":3}},"branchMap":{},"s":{"0":0},"f":{"0":0},"b":{}}
}
