TN:
SF:src/App.js
FN:7,App
FNF:1
FNH:0
FNDA:0,App
DA:8,0
LF:1
LH:0
BRF:0
BRH:0
end_of_record
TN:
SF:src/components/card/Card.js
FN:8,Card
FN:9,(anonymous_1)
FNF:2
FNH:2
FNDA:2,Card
FNDA:12,(anonymous_1)
DA:9,2
DA:10,12
DA:33,2
LF:3
LH:3
BRF:0
BRH:0
end_of_record
TN:
SF:src/components/clap/Clap.js
FN:5,Clap
FN:7,(anonymous_1)
FNF:2
FNH:2
FNDA:12,Clap
FNDA:2,(anonymous_1)
DA:6,12
DA:7,11
DA:8,2
DA:9,2
DA:11,0
DA:14,11
LF:6
LH:5
BRDA:8,0,0,2
BRDA:8,0,1,0
BRDA:17,1,0,11
BRDA:17,1,1,9
BRF:4
BRH:3
end_of_record
TN:
SF:src/components/like/Like.js
FN:5,Like
FN:7,(anonymous_1)
FNF:2
FNH:2
FNDA:9,Like
FNDA:1,(anonymous_1)
DA:6,9
DA:7,9
DA:8,1
DA:9,1
DA:11,0
DA:14,9
LF:6
LH:5
BRDA:8,0,0,1
BRDA:8,0,1,0
BRDA:16,1,0,1
BRDA:16,1,1,8
BRF:4
BRH:3
end_of_record
