TN:
SF:src/App.js
FN:11,App
FNF:1
FNH:0
FNDA:0,App
DA:12,0
LF:1
LH:0
BRF:0
BRH:0
end_of_record
TN:
SF:src/components/card/Card.js
FN:9,Card
FN:14,(anonymous_1)
FN:16,(anonymous_2)
FN:19,(anonymous_3)
FN:32,truncate
FN:36,(anonymous_5)
FNF:6
FNH:2
FNDA:1,Card
FNDA:1,(anonymous_1)
FNDA:0,(anonymous_2)
FNDA:0,(anonymous_3)
FNDA:0,truncate
FNDA:0,(anonymous_5)
DA:11,1
DA:12,1
DA:14,1
DA:15,1
DA:17,0
DA:20,0
DA:24,1
DA:25,0
DA:33,0
DA:36,1
DA:37,0
DA:62,1
LF:12
LH:7
BRDA:24,0,0,0
BRDA:24,0,1,1
BRDA:62,1,0,0
BRDA:62,1,1,1
BRF:4
BRH:2
end_of_record
TN:
SF:src/components/clap/Clap.js
FN:7,Clap
FN:9,(anonymous_1)
FNF:2
FNH:2
FNDA:7,Clap
FNDA:3,(anonymous_1)
DA:8,7
DA:9,6
DA:10,3
DA:11,2
DA:14,2
DA:16,1
DA:19,1
DA:22,6
LF:8
LH:8
BRDA:10,0,0,2
BRDA:10,0,1,1
BRF:2
BRH:2
end_of_record
TN:
SF:src/components/elements/Footer.js
FN:4,Footer
FNF:1
FNH:1
FNDA:1,Footer
DA:5,1
LF:1
LH:1
BRF:0
BRH:0
end_of_record
TN:
SF:src/components/elements/Navbar.js
FN:8,Navbar
FNF:1
FNH:1
FNDA:3,Navbar
DA:6,1
DA:9,3
LF:2
LH:2
BRF:0
BRH:0
end_of_record
TN:
SF:src/components/like/Like.js
FN:7,Like
FN:9,(anonymous_1)
FNF:2
FNH:2
FNDA:6,Like
FNDA:3,(anonymous_1)
DA:8,6
DA:9,6
DA:10,3
DA:13,3
DA:16,6
LF:5
LH:5
BRDA:20,0,0,2
BRDA:20,0,1,4
BRF:2
BRH:2
end_of_record
TN:
SF:src/routes/About.js
FN:3,About
FNF:1
FNH:0
FNDA:0,About
DA:4,0
LF:1
LH:0
BRF:0
BRH:0
end_of_record
TN:
SF:src/routes/Blog.js
FN:4,Blog
FNF:1
FNH:0
FNDA:0,Blog
DA:5,0
LF:1
LH:0
BRF:0
BRH:0
end_of_record
TN:
SF:src/routes/Contact.js
FN:3,Contact
FNF:1
FNH:0
FNDA:0,Contact
DA:4,0
LF:1
LH:0
BRF:0
BRH:0
end_of_record
TN:
SF:src/routes/PageNotFoundError.js
FN:3,Error
FNF:1
FNH:0
FNDA:0,Error
DA:4,0
LF:1
LH:0
BRF:0
BRH:0
end_of_record
